生成启动时间为 2013-7-14 15:22:35。
     1>项目“F:\poj\poj\poj\poj.vcxproj”在节点 2 上(build 个目标)。
     1>InitializeBuildStatus:
         正在创建“Debug\poj.unsuccessfulbuild”，因为已指定“AlwaysCreate”。
       ClCompile:
         F:\Visual Studio2010\VC\bin\CL.exe /c /ZI /nologo /W3 /WX- /Od /Oy- /D WIN32 /D _DEBUG /D _CONSOLE /D _UNICODE /D UNICODE /Gm /EHsc /RTC1 /MDd /GS /fp:precise /Zc:wchar_t /Zc:forScope /Fo"Debug\\" /Fd"Debug\vc100.pdb" /Gd /TP /analyze- /errorReport:prompt poj1002.cpp
         poj1002.cpp
       ManifestResourceCompile:
         所有输出均为最新。
       Link:
         F:\Visual Studio2010\VC\bin\link.exe /ERRORREPORT:PROMPT /OUT:"F:\poj\poj\Debug\poj.exe" /INCREMENTAL /NOLOGO kernel32.lib user32.lib gdi32.lib winspool.lib comdlg32.lib advapi32.lib shell32.lib ole32.lib oleaut32.lib uuid.lib odbc32.lib odbccp32.lib /MANIFEST /ManifestFile:"Debug\poj.exe.intermediate.manifest" /MANIFESTUAC:"level='asInvoker' uiAccess='false'" /DEBUG /PDB:"F:\poj\poj\Debug\poj.pdb" /SUBSYSTEM:CONSOLE /TLBID:1 /DYNAMICBASE /NXCOMPAT /IMPLIB:"F:\poj\poj\Debug\poj.lib" /MACHINE:X86 Debug\poj.exe.embed.manifest.res
         Debug\poj1002.obj
       Manifest:
         C:\Program Files\Microsoft SDKs\Windows\v7.0A\bin\mt.exe /nologo /verbose /out:"Debug\poj.exe.embed.manifest" /manifest Debug\poj.exe.intermediate.manifest
         所有输出均为最新。
       LinkEmbedManifest:
         所有输出均为最新。
         poj.vcxproj -> F:\poj\poj\Debug\poj.exe
       FinalizeBuildStatus:
         正在删除文件“Debug\poj.unsuccessfulbuild”。
         正在对“Debug\poj.lastbuildstate”执行 Touch 任务。
     1>已完成生成项目“F:\poj\poj\poj\poj.vcxproj”(build 个目标)的操作。

生成成功。

已用时间 00:00:05.34
